<?xml version="1.0" encoding="UTF-8"?>
<!-- Generated by org.testng.reporters.JUnitXMLReporter -->
<testsuite ignored="0" hostname="Ashok" failures="0" tests="7" name="Default test" time="1.643" errors="0" timestamp="2025-04-01T22:37:42 PDT">
  <testcase classname="TestClasses.GraphTest" name="@BeforeClass setUp" time="1.467">
    <failure type="java.lang.IllegalStateException" message="The path to the driver executable Unable to locate the chromedriver executable; for more information on how to install drivers, see https://www.selenium.dev/documentation/webdriver/getting_started/install_drivers/">
      <![CDATA[java.lang.IllegalStateException: The path to the driver executable Unable to locate the chromedriver executable; for more information on how to install drivers, see https://www.selenium.dev/documentation/webdriver/getting_started/install_drivers/
at org.openqa.selenium.internal.Require$StateChecker.nonNull(Require.java:314)
at org.openqa.selenium.remote.service.DriverFinder.getPath(DriverFinder.java:33)
at org.openqa.selenium.chrome.ChromeDriver.generateExecutor(ChromeDriver.java:98)
at org.openqa.selenium.chrome.ChromeDriver.<init>(ChromeDriver.java:88)
at org.openqa.selenium.chrome.ChromeDriver.<init>(ChromeDriver.java:84)
at org.openqa.selenium.chrome.ChromeDriver.<init>(ChromeDriver.java:52)
at DriverFactory.driverFactory.initiateDriver(driverFactory.java:35)
at DriverFactory.driverFactory.getDriver(driverFactory.java:45)
at PageObjects.GraphPage.<init>(GraphPage.java:22)
at TestClasses.GraphTest.setUp(GraphTest.java:21)
at java.base/jdk.internal.reflect.DirectMethodHandleAccessor.invoke(DirectMethodHandleAccessor.java:103)
at java.base/java.lang.reflect.Method.invoke(Method.java:580)
at org.testng.internal.MethodInvocationHelper.invokeMethod(MethodInvocationHelper.java:133)
at org.testng.internal.MethodInvocationHelper.invokeMethodConsideringTimeout(MethodInvocationHelper.java:62)
at org.testng.internal.ConfigInvoker.invokeConfigurationMethod(ConfigInvoker.java:385)
at org.testng.internal.ConfigInvoker.invokeConfigurations(ConfigInvoker.java:321)
at org.testng.internal.TestMethodWorker.invokeBeforeClassMethods(TestMethodWorker.java:176)
at org.testng.internal.TestMethodWorker.run(TestMethodWorker.java:122)
at java.base/java.util.ArrayList.forEach(ArrayList.java:1597)
at org.testng.TestRunner.privateRun(TestRunner.java:794)
at org.testng.TestRunner.run(TestRunner.java:596)
at org.testng.SuiteRunner.runTest(SuiteRunner.java:377)
at org.testng.SuiteRunner.runSequentially(SuiteRunner.java:371)
at org.testng.SuiteRunner.privateRun(SuiteRunner.java:332)
at org.testng.SuiteRunner.run(SuiteRunner.java:276)
at org.testng.SuiteRunnerWorker.runSuite(SuiteRunnerWorker.java:53)
at org.testng.SuiteRunnerWorker.run(SuiteRunnerWorker.java:96)
at org.testng.TestNG.runSuitesSequentially(TestNG.java:1212)
at org.testng.TestNG.runSuitesLocally(TestNG.java:1134)
at org.testng.TestNG.runSuites(TestNG.java:1063)
at org.testng.TestNG.run(TestNG.java:1031)
at org.testng.remote.AbstractRemoteTestNG.run(AbstractRemoteTestNG.java:115)
at org.testng.remote.RemoteTestNG.initAndRun(RemoteTestNG.java:293)
at org.testng.remote.RemoteTestNG.main(RemoteTestNG.java:91)
]]>
    </failure>
  </testcase> <!-- @BeforeClass setUp -->
  <testcase classname="TestClasses.GraphTest" name="testDropdownNavigationToGraph" time="0.0">
    <skipped/>
  </testcase> <!-- testDropdownNavigationToGraph -->
  <testcase classname="TestClasses.GraphTest" name="testGraphLinkNavigation" time="0.0">
    <skipped/>
  </testcase> <!-- testGraphLinkNavigation -->
  <testcase classname="TestClasses.GraphTest" name="testRunButtonWithoutCode" time="0.0">
    <skipped/>
  </testcase> <!-- testRunButtonWithoutCode -->
  <testcase classname="TestClasses.GraphTest" name="testSignOut" time="0.0">
    <skipped/>
  </testcase> <!-- testSignOut -->
  <testcase classname="TestClasses.GraphTest" name="testTryEditorFunctionality" time="0.0">
    <skipped/>
  </testcase> <!-- testTryEditorFunctionality -->
  <testcase classname="TestClasses.GraphTest" name="testUserNavigationToGraphPage" time="0.0">
    <skipped/>
  </testcase> <!-- testUserNavigationToGraphPage -->
  <testcase classname="TestClasses.GraphTest" name="testValidPythonCodeExecution" time="0.0">
    <skipped/>
  </testcase> <!-- testValidPythonCodeExecution -->
</testsuite> <!-- Default test -->
