<?xml version="1.0" encoding="UTF-8"?>
<!-- Generated by org.testng.reporters.JUnitXMLReporter -->
<testsuite ignored="0" hostname="LenovoRRB" failures="0" tests="15" name="Test" time="8.701" errors="0" timestamp="2025-04-05T22:22:46 CDT">
  <testcase classname="BaseClass.TestBase" name="@BeforeMethod navigateToHomePage" time="0.007">
    <failure type="org.openqa.selenium.NoSuchSessionException" message="Session ID is null. Using WebDriver after calling quit()?
Build info: version: &amp;apos;4.9.0&amp;apos;, revision: &amp;apos;d7057100a6&amp;apos;
System info: os.name: &amp;apos;Windows 11&amp;apos;, os.arch: &amp;apos;amd64&amp;apos;, os.version: &amp;apos;10.0&amp;apos;, java.version: &amp;apos;23.0.1&amp;apos;
Driver info: org.openqa.selenium.edge.EdgeDriver
Command: [null, get {url=https://dsportalapp.herokuapp.com/home}]
Capabilities {acceptInsecureCerts: false, browserName: MicrosoftEdge, browserVersion: 134.0.3124.72, fedcm:accounts: true, ms:edgeOptions: {debuggerAddress: localhost:59065}, msedge: {msedgedriverVersion: 134.0.3124.93 (a9facff5fd6c..., userDataDir: C:\Users\rajee\AppData\Loca...}, networkConnectionEnabled: false, pageLoadStrategy: normal, platformName: WINDOWS, proxy: Proxy(), se:cdp: ws://localhost:59065/devtoo..., se:cdpVersion: 134.0.3124.72, setWindowRect: true, strictFileInteractability: false, timeouts: {implicit: 0, pageLoad: 300000, script: 30000}, unhandledPromptBehavior: dismiss and notify, webauthn:extension:credBlob: true, webauthn:extension:largeBlob: true, webauthn:extension:minPinLength: true, webauthn:extension:prf: true, webauthn:virtualAuthenticators: true}">
      <![CDATA[org.openqa.selenium.NoSuchSessionException: Session ID is null. Using WebDriver after calling quit()?
Build info: version: '4.9.0', revision: 'd7057100a6'
System info: os.name: 'Windows 11', os.arch: 'amd64', os.version: '10.0', java.version: '23.0.1'
Driver info: org.openqa.selenium.edge.EdgeDriver
Command: [null, get {url=https://dsportalapp.herokuapp.com/home}]
Capabilities {acceptInsecureCerts: false, browserName: MicrosoftEdge, browserVersion: 134.0.3124.72, fedcm:accounts: true, ms:edgeOptions: {debuggerAddress: localhost:59065}, msedge: {msedgedriverVersion: 134.0.3124.93 (a9facff5fd6c..., userDataDir: C:\Users\rajee\AppData\Loca...}, networkConnectionEnabled: false, pageLoadStrategy: normal, platformName: WINDOWS, proxy: Proxy(), se:cdp: ws://localhost:59065/devtoo..., se:cdpVersion: 134.0.3124.72, setWindowRect: true, strictFileInteractability: false, timeouts: {implicit: 0, pageLoad: 300000, script: 30000}, unhandledPromptBehavior: dismiss and notify, webauthn:extension:credBlob: true, webauthn:extension:largeBlob: true, webauthn:extension:minPinLength: true, webauthn:extension:prf: true, webauthn:virtualAuthenticators: true}
at org.openqa.selenium.remote.HttpCommandExecutor.execute(HttpCommandExecutor.java:154)
at org.openqa.selenium.remote.service.DriverCommandExecutor.invokeExecute(DriverCommandExecutor.java:183)
at org.openqa.selenium.remote.service.DriverCommandExecutor.execute(DriverCommandExecutor.java:158)
at org.openqa.selenium.remote.RemoteWebDriver.execute(RemoteWebDriver.java:543)
at org.openqa.selenium.remote.RemoteWebDriver.get(RemoteWebDriver.java:297)
at BaseClass.TestBase.navigateToHomePage(TestBase.java:22)
at java.base/java.util.ArrayList.forEach(ArrayList.java:1597)
... Removed 29 stack frames]]>
    </failure>
  </testcase> <!-- @BeforeMethod navigateToHomePage -->
  <testcase classname="BaseClass.TestBase" name="@BeforeMethod navigateToHomePage" time="0.0">
    <skipped/>
  </testcase> <!-- @BeforeMethod navigateToHomePage -->
  <testcase classname="BaseClass.TestBase" name="@BeforeMethod navigateToHomePage" time="0.0">
    <skipped/>
  </testcase> <!-- @BeforeMethod navigateToHomePage -->
  <testcase classname="BaseClass.TestBase" name="@BeforeMethod navigateToHomePage" time="0.0">
    <skipped/>
  </testcase> <!-- @BeforeMethod navigateToHomePage -->
  <testcase classname="BaseClass.TestBase" name="@BeforeMethod navigateToHomePage" time="0.0">
    <skipped/>
  </testcase> <!-- @BeforeMethod navigateToHomePage -->
  <testcase classname="BaseClass.TestBase" name="@BeforeMethod navigateToHomePage" time="0.0">
    <skipped/>
  </testcase> <!-- @BeforeMethod navigateToHomePage -->
  <testcase classname="BaseClass.TestBase" name="@BeforeMethod navigateToHomePage" time="0.0">
    <skipped/>
  </testcase> <!-- @BeforeMethod navigateToHomePage -->
  <testcase classname="TestClasses.StackTest" name="@AfterClass tearDown" time="0.0">
    <skipped/>
  </testcase> <!-- @AfterClass tearDown -->
  <testcase classname="BaseClass.TestBase" name="@AfterClass afterClass" time="0.0">
    <skipped/>
  </testcase> <!-- @AfterClass afterClass -->
  <testcase classname="TestClasses.QueueTest" name="testQueueGetStarted" time="1.336"/>
  <testcase classname="TestClasses.QueueTest" name="checkImplementationofQueueinPython" time="1.519"/>
  <testcase classname="TestClasses.QueueTest" name="testInvalidPythonCode" time="0.789"/>
  <testcase classname="TestClasses.QueueTest" name="testValidPythonCode" time="0.806"/>
  <testcase classname="TestClasses.QueueTest" name="checkPracticeQns" time="0.592"/>
  <testcase classname="TestClasses.QueueTest" name="checkImplementationUsingCollectionsDequeue" time="0.408"/>
  <testcase classname="TestClasses.QueueTest" name="checkImplementationusingarray" time="0.407"/>
  <testcase classname="TestClasses.QueueTest" name="checkQueueOperations" time="0.385"/>
  <testcase classname="TestClasses.StackTest" name="testLoginAndNavigateToStack" time="0.0">
    <skipped/>
  </testcase> <!-- testLoginAndNavigateToStack -->
  <testcase classname="TestClasses.StackTest" name="checkOperationInStack" time="0.0">
    <skipped/>
  </testcase> <!-- checkOperationInStack -->
  <testcase classname="TestClasses.StackTest" name="testInvalidPythonCode" time="0.001">
    <skipped/>
  </testcase> <!-- testInvalidPythonCode -->
  <testcase classname="TestClasses.StackTest" name="testValidPythonCode" time="0.0">
    <skipped/>
  </testcase> <!-- testValidPythonCode -->
  <testcase classname="TestClasses.StackTest" name="checkPracticeQns" time="0.0">
    <skipped/>
  </testcase> <!-- checkPracticeQns -->
  <testcase classname="TestClasses.StackTest" name="checkImplementation" time="0.0">
    <skipped/>
  </testcase> <!-- checkImplementation -->
  <testcase classname="TestClasses.StackTest" name="checkApplications" time="0.0">
    <skipped/>
  </testcase> <!-- checkApplications -->
</testsuite> <!-- Test -->
