<!DOCTYPE html>

<html>
  <head>
  <meta charset='utf-8'>
  <title>TestNG reports</title>

    <link type="text/css" href="testng-reports1.css" rel="stylesheet" id="ultra" />
    <link type="text/css" href="testng-reports.css" rel="stylesheet" id="retro" disabled="false"/>
    <script type="text/javascript" src="jquery.min.js"></script>
    <script type="text/javascript" src="testng-reports.js"></script>
    <script type="text/javascript" src="https://www.google.com/jsapi"></script>
    <script type='text/javascript'>
      google.load('visualization', '1', {packages:['table']});
      google.setOnLoadCallback(drawTable);
      var suiteTableInitFunctions = new Array();
      var suiteTableData = new Array();
    </script>
    <!--
      <script type="text/javascript" src="jquery-ui/js/jquery-ui-1.8.16.custom.min.js"></script>
     -->
  </head>

  <body>
    <div class="top-banner-root">
      <span class="top-banner-title-font">Test results</span>
      <button id="button" class="button">Switch Retro Theme</button> <!-- button -->
      <br/>
      <span class="top-banner-font-1">1 suite</span>
    </div> <!-- top-banner-root -->
    <div class="navigator-root">
      <div class="navigator-suite-header">
        <span>All suites</span>
        <a href="#" title="Collapse/expand all the suites" class="collapse-all-link">
          <img src="collapseall.gif" class="collapse-all-icon">
          </img> <!-- collapse-all-icon -->
        </a> <!-- collapse-all-link -->
      </div> <!-- navigator-suite-header -->
      <div class="suite">
        <div class="rounded-window">
          <div class="suite-header light-rounded-window-top">
            <a href="#" panel-name="suite-Default_suite" class="navigator-link">
              <span class="suite-name border-skipped">Default suite</span>
            </a> <!-- navigator-link -->
          </div> <!-- suite-header light-rounded-window-top -->
          <div class="navigator-suite-content">
            <div class="suite-section-title">
              <span>Info</span>
            </div> <!-- suite-section-title -->
            <div class="suite-section-content">
              <ul>
                <li>
                  <a href="#" panel-name="test-xml-Default_suite" class="navigator-link ">
                    <span>C:\Users\ashok\AppData\Local\Temp\testng-eclipse--236212814\testng-customsuite.xml</span>
                  </a> <!-- navigator-link  -->
                </li>
                <li>
                  <a href="#" panel-name="testlist-Default_suite" class="navigator-link ">
                    <span class="test-stats">1 test</span>
                  </a> <!-- navigator-link  -->
                </li>
                <li>
                  <a href="#" panel-name="group-Default_suite" class="navigator-link ">
                    <span>0 groups</span>
                  </a> <!-- navigator-link  -->
                </li>
                <li>
                  <a href="#" panel-name="times-Default_suite" class="navigator-link ">
                    <span>Times</span>
                  </a> <!-- navigator-link  -->
                </li>
                <li>
                  <a href="#" panel-name="reporter-Default_suite" class="navigator-link ">
                    <span>Reporter output</span>
                  </a> <!-- navigator-link  -->
                </li>
                <li>
                  <a href="#" panel-name="ignored-methods-Default_suite" class="navigator-link ">
                    <span>Ignored methods</span>
                  </a> <!-- navigator-link  -->
                </li>
                <li>
                  <a href="#" panel-name="chronological-Default_suite" class="navigator-link ">
                    <span>Chronological view</span>
                  </a> <!-- navigator-link  -->
                </li>
              </ul>
            </div> <!-- suite-section-content -->
            <div class="result-section">
              <div class="suite-section-title">
                <span>Results</span>
              </div> <!-- suite-section-title -->
              <div class="suite-section-content">
                <ul>
                  <li>
                    <span class="method-stats">19 methods,  4 skipped,  15 passed</span>
                  </li>
                  <li>
                    <span class="method-list-title skipped">Skipped methods</span>
                    <span class="show-or-hide-methods skipped">
                      <a href="#" panel-name="suite-Default_suite" class="hide-methods skipped suite-Default_suite"> (hide)</a> <!-- hide-methods skipped suite-Default_suite -->
                      <a href="#" panel-name="suite-Default_suite" class="show-methods skipped suite-Default_suite"> (show)</a> <!-- show-methods skipped suite-Default_suite -->
                    </span>
                    <div class="method-list-content skipped suite-Default_suite">
                      <span>
                        <img src="skipped.png" width="3%"/>
                        <a href="#" panel-name="suite-Default_suite" title="TestClasses.ArrayTest" class="method navigator-link" hash-for-method="testvalidPythonCode_EvenNums">testvalidPythonCode_EvenNums</a> <!-- method navigator-link -->
                      </span>
                      <br/>
                      <span>
                        <img src="skipped.png" width="3%"/>
                        <a href="#" panel-name="suite-Default_suite" title="TestClasses.ArrayTest" class="method navigator-link" hash-for-method="testvalidPythonCode_MaxConones">testvalidPythonCode_MaxConones</a> <!-- method navigator-link -->
                      </span>
                      <br/>
                      <span>
                        <img src="skipped.png" width="3%"/>
                        <a href="#" panel-name="suite-Default_suite" title="TestClasses.ArrayTest" class="method navigator-link" hash-for-method="testvalidPythonCode_SearchtheArray">testvalidPythonCode_SearchtheArray</a> <!-- method navigator-link -->
                      </span>
                      <br/>
                      <span>
                        <img src="skipped.png" width="3%"/>
                        <a href="#" panel-name="suite-Default_suite" title="TestClasses.ArrayTest" class="method navigator-link" hash-for-method="testvalidPythonCode_SortedArray">testvalidPythonCode_SortedArray</a> <!-- method navigator-link -->
                      </span>
                      <br/>
                    </div> <!-- method-list-content skipped suite-Default_suite -->
                  </li>
                  <li>
                    <span class="method-list-title passed">Passed methods</span>
                    <span class="show-or-hide-methods passed">
                      <a href="#" panel-name="suite-Default_suite" class="hide-methods passed suite-Default_suite"> (hide)</a> <!-- hide-methods passed suite-Default_suite -->
                      <a href="#" panel-name="suite-Default_suite" class="show-methods passed suite-Default_suite"> (show)</a> <!-- show-methods passed suite-Default_suite -->
                    </span>
                    <div class="method-list-content passed suite-Default_suite">
                      <span>
                        <img src="passed.png" width="3%"/>
                        <a href="#" panel-name="suite-Default_suite" title="TestClasses.ArrayTest" class="method navigator-link" hash-for-method="ArrayStartingPage">ArrayStartingPage</a> <!-- method navigator-link -->
                      </span>
                      <br/>
                      <span>
                        <img src="passed.png" width="3%"/>
                        <a href="#" panel-name="suite-Default_suite" title="TestClasses.ArrayTest" class="method navigator-link" hash-for-method="ArraysPythonPage">ArraysPythonPage</a> <!-- method navigator-link -->
                      </span>
                      <br/>
                      <span>
                        <img src="passed.png" width="3%"/>
                        <a href="#" panel-name="suite-Default_suite" title="TestClasses.ArrayTest" class="method navigator-link" hash-for-method="CheckingApplicationsofArraywithEmptyRun">CheckingApplicationsofArraywithEmptyRun</a> <!-- method navigator-link -->
                      </span>
                      <br/>
                      <span>
                        <img src="passed.png" width="3%"/>
                        <a href="#" panel-name="suite-Default_suite" title="TestClasses.ArrayTest" class="method navigator-link" hash-for-method="CheckingArraysListwithEmptyRun">CheckingArraysListwithEmptyRun</a> <!-- method navigator-link -->
                      </span>
                      <br/>
                      <span>
                        <img src="passed.png" width="3%"/>
                        <a href="#" panel-name="suite-Default_suite" title="TestClasses.ArrayTest" class="method navigator-link" hash-for-method="CheckingArraysinPythonwithEmptyRun">CheckingArraysinPythonwithEmptyRun</a> <!-- method navigator-link -->
                      </span>
                      <br/>
                      <span>
                        <img src="passed.png" width="3%"/>
                        <a href="#" panel-name="suite-Default_suite" title="TestClasses.ArrayTest" class="method navigator-link" hash-for-method="CheckingBasicOpeartionswithEmptyRun">CheckingBasicOpeartionswithEmptyRun</a> <!-- method navigator-link -->
                      </span>
                      <br/>
                      <span>
                        <img src="passed.png" width="3%"/>
                        <a href="#" panel-name="suite-Default_suite" title="TestClasses.ArrayTest" class="method navigator-link" hash-for-method="checkPracticeQns">checkPracticeQns</a> <!-- method navigator-link -->
                      </span>
                      <br/>
                      <span>
                        <img src="passed.png" width="3%"/>
                        <a href="#" panel-name="suite-Default_suite" title="TestClasses.ArrayTest" class="method navigator-link" hash-for-method="testInvalidPythonCode(System.out.println(&#039;Hello World&#039;), NameError: name &#039;System&#039; is not defined on line 1)">testInvalidPythonCode(System.out.println('Hello World'), NameError: name 'System' is not defined on line 1)</a> <!-- method navigator-link -->
                      </span>
                      <br/>
                      <span>
                        <img src="passed.png" width="3%"/>
                        <a href="#" panel-name="suite-Default_suite" title="TestClasses.ArrayTest" class="method navigator-link" hash-for-method="testInvalidPythonCodeApplicationsofArray(System.out.println(&#039;Hello World&#039;), NameError: name &#039;System&#039; is not defined on line 1)">testInvalidPythonCodeApplicationsofArray(System.out.println('Hello World'), NameError: name 'System' is not defined on line 1)</a> <!-- method navigator-link -->
                      </span>
                      <br/>
                      <span>
                        <img src="passed.png" width="3%"/>
                        <a href="#" panel-name="suite-Default_suite" title="TestClasses.ArrayTest" class="method navigator-link" hash-for-method="testInvalidPythonCodeArraysList(System.out.println(&#039;Hello World&#039;), NameError: name &#039;System&#039; is not defined on line 1)">testInvalidPythonCodeArraysList(System.out.println('Hello World'), NameError: name 'System' is not defined on line 1)</a> <!-- method navigator-link -->
                      </span>
                      <br/>
                      <span>
                        <img src="passed.png" width="3%"/>
                        <a href="#" panel-name="suite-Default_suite" title="TestClasses.ArrayTest" class="method navigator-link" hash-for-method="testInvalidPythonCodeBasicOpeartions(System.out.println(&#039;Hello World&#039;), NameError: name &#039;System&#039; is not defined on line 1)">testInvalidPythonCodeBasicOpeartions(System.out.println('Hello World'), NameError: name 'System' is not defined on line 1)</a> <!-- method navigator-link -->
                      </span>
                      <br/>
                      <span>
                        <img src="passed.png" width="3%"/>
                        <a href="#" panel-name="suite-Default_suite" title="TestClasses.ArrayTest" class="method navigator-link" hash-for-method="testValidPythonCode(print(&#039;Hello World&#039;), Hello World)">testValidPythonCode(print('Hello World'), Hello World)</a> <!-- method navigator-link -->
                      </span>
                      <br/>
                      <span>
                        <img src="passed.png" width="3%"/>
                        <a href="#" panel-name="suite-Default_suite" title="TestClasses.ArrayTest" class="method navigator-link" hash-for-method="testValidPythonCodeApplicationsofArray(print(&#039;Hello World&#039;), Hello World)">testValidPythonCodeApplicationsofArray(print('Hello World'), Hello World)</a> <!-- method navigator-link -->
                      </span>
                      <br/>
                      <span>
                        <img src="passed.png" width="3%"/>
                        <a href="#" panel-name="suite-Default_suite" title="TestClasses.ArrayTest" class="method navigator-link" hash-for-method="testValidPythonCodeArraysList(print(&#039;Hello World&#039;), Hello World)">testValidPythonCodeArraysList(print('Hello World'), Hello World)</a> <!-- method navigator-link -->
                      </span>
                      <br/>
                      <span>
                        <img src="passed.png" width="3%"/>
                        <a href="#" panel-name="suite-Default_suite" title="TestClasses.ArrayTest" class="method navigator-link" hash-for-method="testValidPythonCodeBasicOpearations(print(&#039;Hello World&#039;), Hello World)">testValidPythonCodeBasicOpearations(print('Hello World'), Hello World)</a> <!-- method navigator-link -->
                      </span>
                      <br/>
                    </div> <!-- method-list-content passed suite-Default_suite -->
                  </li>
                </ul>
              </div> <!-- suite-section-content -->
            </div> <!-- result-section -->
          </div> <!-- navigator-suite-content -->
        </div> <!-- rounded-window -->
      </div> <!-- suite -->
    </div> <!-- navigator-root -->
    <div class="wrapper">
      <div class="main-panel-root">
        <div panel-name="suite-Default_suite" class="panel Default_suite">
          <div class="suite-Default_suite-class-skipped">
            <div class="main-panel-header rounded-window-top">
              <img src="skipped.png"/>
              <span class="class-name">TestClasses.ArrayTest</span>
            </div> <!-- main-panel-header rounded-window-top -->
            <div class="main-panel-content rounded-window-bottom">
              <div class="method">
                <div class="method-content">
                  <a name="testvalidPythonCode_EvenNums">
                  </a> <!-- testvalidPythonCode_EvenNums -->
                  <span class="method-name">testvalidPythonCode_EvenNums</span>
                  <div class="stack-trace">java.lang.RuntimeException: java.lang.ArrayIndexOutOfBoundsException: Index 16383 out of bounds for length 100
	at org.testng.internal.MethodInvocationHelper.invokeMethodNoCheckedException(MethodInvocationHelper.java:50)
	at org.testng.internal.MethodInvocationHelper.invokeDataProvider(MethodInvocationHelper.java:146)
	at org.testng.internal.Parameters.handleParameters(Parameters.java:798)
	at org.testng.internal.Parameters.handleParameters(Parameters.java:740)
	at org.testng.internal.ParameterHandler.handleParameters(ParameterHandler.java:59)
	at org.testng.internal.ParameterHandler.createParameters(ParameterHandler.java:38)
	at org.testng.internal.TestInvoker$MethodInvocationAgent.invoke(TestInvoker.java:791)
	at org.testng.internal.TestInvoker.invokeTestMethods(TestInvoker.java:146)
	at org.testng.internal.TestMethodWorker.invokeTestMethods(TestMethodWorker.java:146)
	at org.testng.internal.TestMethodWorker.run(TestMethodWorker.java:128)
	at java.base/java.util.ArrayList.forEach(ArrayList.java:1597)
	at org.testng.TestRunner.privateRun(TestRunner.java:794)
	at org.testng.TestRunner.run(TestRunner.java:596)
	at org.testng.SuiteRunner.runTest(SuiteRunner.java:377)
	at org.testng.SuiteRunner.runSequentially(SuiteRunner.java:371)
	at org.testng.SuiteRunner.privateRun(SuiteRunner.java:332)
	at org.testng.SuiteRunner.run(SuiteRunner.java:276)
	at org.testng.SuiteRunnerWorker.runSuite(SuiteRunnerWorker.java:53)
	at org.testng.SuiteRunnerWorker.run(SuiteRunnerWorker.java:96)
	at org.testng.TestNG.runSuitesSequentially(TestNG.java:1212)
	at org.testng.TestNG.runSuitesLocally(TestNG.java:1134)
	at org.testng.TestNG.runSuites(TestNG.java:1063)
	at org.testng.TestNG.run(TestNG.java:1031)
	at org.testng.remote.AbstractRemoteTestNG.run(AbstractRemoteTestNG.java:115)
	at org.testng.remote.RemoteTestNG.initAndRun(RemoteTestNG.java:293)
	at org.testng.remote.RemoteTestNG.main(RemoteTestNG.java:91)
Caused by: java.lang.ArrayIndexOutOfBoundsException: Index 16383 out of bounds for length 100
	at Utilities.Excelreaderpython.readpracticeques(Excelreaderpython.java:112)
	at Utilities.Excelreaderpython.getArraypracticeques(Excelreaderpython.java:80)
	at Utilities.Dataprovider.practiceqevennums(Dataprovider.java:66)
	at java.base/jdk.internal.reflect.DirectMethodHandleAccessor.invoke(DirectMethodHandleAccessor.java:103)
	at java.base/java.lang.reflect.Method.invoke(Method.java:580)
	at org.testng.internal.MethodInvocationHelper.invokeMethod(MethodInvocationHelper.java:133)
	at org.testng.internal.MethodInvocationHelper.invokeMethod(MethodInvocationHelper.java:77)
	at org.testng.internal.MethodInvocationHelper.invokeMethodNoCheckedException(MethodInvocationHelper.java:46)
	... 25 more

</div> <!-- stack-trace -->
                </div> <!-- method-content -->
              </div> <!-- method -->
              <div class="method">
                <div class="method-content">
                  <a name="testvalidPythonCode_MaxConones">
                  </a> <!-- testvalidPythonCode_MaxConones -->
                  <span class="method-name">testvalidPythonCode_MaxConones</span>
                  <div class="stack-trace">java.lang.RuntimeException: java.lang.ArrayIndexOutOfBoundsException: Index 16383 out of bounds for length 100
	at org.testng.internal.MethodInvocationHelper.invokeMethodNoCheckedException(MethodInvocationHelper.java:50)
	at org.testng.internal.MethodInvocationHelper.invokeDataProvider(MethodInvocationHelper.java:146)
	at org.testng.internal.Parameters.handleParameters(Parameters.java:798)
	at org.testng.internal.Parameters.handleParameters(Parameters.java:740)
	at org.testng.internal.ParameterHandler.handleParameters(ParameterHandler.java:59)
	at org.testng.internal.ParameterHandler.createParameters(ParameterHandler.java:38)
	at org.testng.internal.TestInvoker$MethodInvocationAgent.invoke(TestInvoker.java:791)
	at org.testng.internal.TestInvoker.invokeTestMethods(TestInvoker.java:146)
	at org.testng.internal.TestMethodWorker.invokeTestMethods(TestMethodWorker.java:146)
	at org.testng.internal.TestMethodWorker.run(TestMethodWorker.java:128)
	at java.base/java.util.ArrayList.forEach(ArrayList.java:1597)
	at org.testng.TestRunner.privateRun(TestRunner.java:794)
	at org.testng.TestRunner.run(TestRunner.java:596)
	at org.testng.SuiteRunner.runTest(SuiteRunner.java:377)
	at org.testng.SuiteRunner.runSequentially(SuiteRunner.java:371)
	at org.testng.SuiteRunner.privateRun(SuiteRunner.java:332)
	at org.testng.SuiteRunner.run(SuiteRunner.java:276)
	at org.testng.SuiteRunnerWorker.runSuite(SuiteRunnerWorker.java:53)
	at org.testng.SuiteRunnerWorker.run(SuiteRunnerWorker.java:96)
	at org.testng.TestNG.runSuitesSequentially(TestNG.java:1212)
	at org.testng.TestNG.runSuitesLocally(TestNG.java:1134)
	at org.testng.TestNG.runSuites(TestNG.java:1063)
	at org.testng.TestNG.run(TestNG.java:1031)
	at org.testng.remote.AbstractRemoteTestNG.run(AbstractRemoteTestNG.java:115)
	at org.testng.remote.RemoteTestNG.initAndRun(RemoteTestNG.java:293)
	at org.testng.remote.RemoteTestNG.main(RemoteTestNG.java:91)
Caused by: java.lang.ArrayIndexOutOfBoundsException: Index 16383 out of bounds for length 100
	at Utilities.Excelreaderpython.readpracticeques(Excelreaderpython.java:112)
	at Utilities.Excelreaderpython.getArraypracticeques(Excelreaderpython.java:80)
	at Utilities.Dataprovider.practiceqmaxconsones(Dataprovider.java:55)
	at java.base/jdk.internal.reflect.DirectMethodHandleAccessor.invoke(DirectMethodHandleAccessor.java:103)
	at java.base/java.lang.reflect.Method.invoke(Method.java:580)
	at org.testng.internal.MethodInvocationHelper.invokeMethod(MethodInvocationHelper.java:133)
	at org.testng.internal.MethodInvocationHelper.invokeMethod(MethodInvocationHelper.java:77)
	at org.testng.internal.MethodInvocationHelper.invokeMethodNoCheckedException(MethodInvocationHelper.java:46)
	... 25 more

</div> <!-- stack-trace -->
                </div> <!-- method-content -->
              </div> <!-- method -->
              <div class="method">
                <div class="method-content">
                  <a name="testvalidPythonCode_SearchtheArray">
                  </a> <!-- testvalidPythonCode_SearchtheArray -->
                  <span class="method-name">testvalidPythonCode_SearchtheArray</span>
                  <div class="stack-trace">java.lang.RuntimeException: java.lang.ArrayIndexOutOfBoundsException: Index 16383 out of bounds for length 100
	at org.testng.internal.MethodInvocationHelper.invokeMethodNoCheckedException(MethodInvocationHelper.java:50)
	at org.testng.internal.MethodInvocationHelper.invokeDataProvider(MethodInvocationHelper.java:146)
	at org.testng.internal.Parameters.handleParameters(Parameters.java:798)
	at org.testng.internal.Parameters.handleParameters(Parameters.java:740)
	at org.testng.internal.ParameterHandler.handleParameters(ParameterHandler.java:59)
	at org.testng.internal.ParameterHandler.createParameters(ParameterHandler.java:38)
	at org.testng.internal.TestInvoker$MethodInvocationAgent.invoke(TestInvoker.java:791)
	at org.testng.internal.TestInvoker.invokeTestMethods(TestInvoker.java:146)
	at org.testng.internal.TestMethodWorker.invokeTestMethods(TestMethodWorker.java:146)
	at org.testng.internal.TestMethodWorker.run(TestMethodWorker.java:128)
	at java.base/java.util.ArrayList.forEach(ArrayList.java:1597)
	at org.testng.TestRunner.privateRun(TestRunner.java:794)
	at org.testng.TestRunner.run(TestRunner.java:596)
	at org.testng.SuiteRunner.runTest(SuiteRunner.java:377)
	at org.testng.SuiteRunner.runSequentially(SuiteRunner.java:371)
	at org.testng.SuiteRunner.privateRun(SuiteRunner.java:332)
	at org.testng.SuiteRunner.run(SuiteRunner.java:276)
	at org.testng.SuiteRunnerWorker.runSuite(SuiteRunnerWorker.java:53)
	at org.testng.SuiteRunnerWorker.run(SuiteRunnerWorker.java:96)
	at org.testng.TestNG.runSuitesSequentially(TestNG.java:1212)
	at org.testng.TestNG.runSuitesLocally(TestNG.java:1134)
	at org.testng.TestNG.runSuites(TestNG.java:1063)
	at org.testng.TestNG.run(TestNG.java:1031)
	at org.testng.remote.AbstractRemoteTestNG.run(AbstractRemoteTestNG.java:115)
	at org.testng.remote.RemoteTestNG.initAndRun(RemoteTestNG.java:293)
	at org.testng.remote.RemoteTestNG.main(RemoteTestNG.java:91)
Caused by: java.lang.ArrayIndexOutOfBoundsException: Index 16383 out of bounds for length 100
	at Utilities.Excelreaderpython.readpracticeques(Excelreaderpython.java:112)
	at Utilities.Excelreaderpython.getArraypracticeques(Excelreaderpython.java:80)
	at Utilities.Dataprovider.practiceqsearchthearray(Dataprovider.java:42)
	at java.base/jdk.internal.reflect.DirectMethodHandleAccessor.invoke(DirectMethodHandleAccessor.java:103)
	at java.base/java.lang.reflect.Method.invoke(Method.java:580)
	at org.testng.internal.MethodInvocationHelper.invokeMethod(MethodInvocationHelper.java:133)
	at org.testng.internal.MethodInvocationHelper.invokeMethod(MethodInvocationHelper.java:77)
	at org.testng.internal.MethodInvocationHelper.invokeMethodNoCheckedException(MethodInvocationHelper.java:46)
	... 25 more

</div> <!-- stack-trace -->
                </div> <!-- method-content -->
              </div> <!-- method -->
              <div class="method">
                <div class="method-content">
                  <a name="testvalidPythonCode_SortedArray">
                  </a> <!-- testvalidPythonCode_SortedArray -->
                  <span class="method-name">testvalidPythonCode_SortedArray</span>
                  <div class="stack-trace">java.lang.RuntimeException: java.lang.ArrayIndexOutOfBoundsException: Index 16383 out of bounds for length 100
	at org.testng.internal.MethodInvocationHelper.invokeMethodNoCheckedException(MethodInvocationHelper.java:50)
	at org.testng.internal.MethodInvocationHelper.invokeDataProvider(MethodInvocationHelper.java:146)
	at org.testng.internal.Parameters.handleParameters(Parameters.java:798)
	at org.testng.internal.Parameters.handleParameters(Parameters.java:740)
	at org.testng.internal.ParameterHandler.handleParameters(ParameterHandler.java:59)
	at org.testng.internal.ParameterHandler.createParameters(ParameterHandler.java:38)
	at org.testng.internal.TestInvoker$MethodInvocationAgent.invoke(TestInvoker.java:791)
	at org.testng.internal.TestInvoker.invokeTestMethods(TestInvoker.java:146)
	at org.testng.internal.TestMethodWorker.invokeTestMethods(TestMethodWorker.java:146)
	at org.testng.internal.TestMethodWorker.run(TestMethodWorker.java:128)
	at java.base/java.util.ArrayList.forEach(ArrayList.java:1597)
	at org.testng.TestRunner.privateRun(TestRunner.java:794)
	at org.testng.TestRunner.run(TestRunner.java:596)
	at org.testng.SuiteRunner.runTest(SuiteRunner.java:377)
	at org.testng.SuiteRunner.runSequentially(SuiteRunner.java:371)
	at org.testng.SuiteRunner.privateRun(SuiteRunner.java:332)
	at org.testng.SuiteRunner.run(SuiteRunner.java:276)
	at org.testng.SuiteRunnerWorker.runSuite(SuiteRunnerWorker.java:53)
	at org.testng.SuiteRunnerWorker.run(SuiteRunnerWorker.java:96)
	at org.testng.TestNG.runSuitesSequentially(TestNG.java:1212)
	at org.testng.TestNG.runSuitesLocally(TestNG.java:1134)
	at org.testng.TestNG.runSuites(TestNG.java:1063)
	at org.testng.TestNG.run(TestNG.java:1031)
	at org.testng.remote.AbstractRemoteTestNG.run(AbstractRemoteTestNG.java:115)
	at org.testng.remote.RemoteTestNG.initAndRun(RemoteTestNG.java:293)
	at org.testng.remote.RemoteTestNG.main(RemoteTestNG.java:91)
Caused by: java.lang.ArrayIndexOutOfBoundsException: Index 16383 out of bounds for length 100
	at Utilities.Excelreaderpython.readpracticeques(Excelreaderpython.java:112)
	at Utilities.Excelreaderpython.getArraypracticeques(Excelreaderpython.java:80)
	at Utilities.Dataprovider.practiceqsqofsortedarray(Dataprovider.java:78)
	at java.base/jdk.internal.reflect.DirectMethodHandleAccessor.invoke(DirectMethodHandleAccessor.java:103)
	at java.base/java.lang.reflect.Method.invoke(Method.java:580)
	at org.testng.internal.MethodInvocationHelper.invokeMethod(MethodInvocationHelper.java:133)
	at org.testng.internal.MethodInvocationHelper.invokeMethod(MethodInvocationHelper.java:77)
	at org.testng.internal.MethodInvocationHelper.invokeMethodNoCheckedException(MethodInvocationHelper.java:46)
	... 25 more

</div> <!-- stack-trace -->
                </div> <!-- method-content -->
              </div> <!-- method -->
            </div> <!-- main-panel-content rounded-window-bottom -->
          </div> <!-- suite-Default_suite-class-skipped -->
          <div class="suite-Default_suite-class-passed">
            <div class="main-panel-header rounded-window-top">
              <img src="passed.png"/>
              <span class="class-name">TestClasses.ArrayTest</span>
            </div> <!-- main-panel-header rounded-window-top -->
            <div class="main-panel-content rounded-window-bottom">
              <div class="method">
                <div class="method-content">
                  <a name="ArrayStartingPage">
                  </a> <!-- ArrayStartingPage -->
                  <span class="method-name">ArrayStartingPage</span>
                </div> <!-- method-content -->
              </div> <!-- method -->
              <div class="method">
                <div class="method-content">
                  <a name="ArraysPythonPage">
                  </a> <!-- ArraysPythonPage -->
                  <span class="method-name">ArraysPythonPage</span>
                </div> <!-- method-content -->
              </div> <!-- method -->
              <div class="method">
                <div class="method-content">
                  <a name="CheckingApplicationsofArraywithEmptyRun">
                  </a> <!-- CheckingApplicationsofArraywithEmptyRun -->
                  <span class="method-name">CheckingApplicationsofArraywithEmptyRun</span>
                </div> <!-- method-content -->
              </div> <!-- method -->
              <div class="method">
                <div class="method-content">
                  <a name="CheckingArraysListwithEmptyRun">
                  </a> <!-- CheckingArraysListwithEmptyRun -->
                  <span class="method-name">CheckingArraysListwithEmptyRun</span>
                </div> <!-- method-content -->
              </div> <!-- method -->
              <div class="method">
                <div class="method-content">
                  <a name="CheckingArraysinPythonwithEmptyRun">
                  </a> <!-- CheckingArraysinPythonwithEmptyRun -->
                  <span class="method-name">CheckingArraysinPythonwithEmptyRun</span>
                </div> <!-- method-content -->
              </div> <!-- method -->
              <div class="method">
                <div class="method-content">
                  <a name="CheckingBasicOpeartionswithEmptyRun">
                  </a> <!-- CheckingBasicOpeartionswithEmptyRun -->
                  <span class="method-name">CheckingBasicOpeartionswithEmptyRun</span>
                </div> <!-- method-content -->
              </div> <!-- method -->
              <div class="method">
                <div class="method-content">
                  <a name="checkPracticeQns">
                  </a> <!-- checkPracticeQns -->
                  <span class="method-name">checkPracticeQns</span>
                </div> <!-- method-content -->
              </div> <!-- method -->
              <div class="method">
                <div class="method-content">
                  <a name="testInvalidPythonCode(System.out.println(&#039;Hello World&#039;), NameError: name &#039;System&#039; is not defined on line 1)">
                  </a> <!-- testInvalidPythonCode(System.out.println('Hello World'), NameError: name 'System' is not defined on line 1) -->
                  <span class="method-name">testInvalidPythonCode</span>
                  <span class="parameters">(System.out.println('Hello World'), NameError: name 'System' is not defined on line 1)</span>
                </div> <!-- method-content -->
              </div> <!-- method -->
              <div class="method">
                <div class="method-content">
                  <a name="testInvalidPythonCodeApplicationsofArray(System.out.println(&#039;Hello World&#039;), NameError: name &#039;System&#039; is not defined on line 1)">
                  </a> <!-- testInvalidPythonCodeApplicationsofArray(System.out.println('Hello World'), NameError: name 'System' is not defined on line 1) -->
                  <span class="method-name">testInvalidPythonCodeApplicationsofArray</span>
                  <span class="parameters">(System.out.println('Hello World'), NameError: name 'System' is not defined on line 1)</span>
                </div> <!-- method-content -->
              </div> <!-- method -->
              <div class="method">
                <div class="method-content">
                  <a name="testInvalidPythonCodeArraysList(System.out.println(&#039;Hello World&#039;), NameError: name &#039;System&#039; is not defined on line 1)">
                  </a> <!-- testInvalidPythonCodeArraysList(System.out.println('Hello World'), NameError: name 'System' is not defined on line 1) -->
                  <span class="method-name">testInvalidPythonCodeArraysList</span>
                  <span class="parameters">(System.out.println('Hello World'), NameError: name 'System' is not defined on line 1)</span>
                </div> <!-- method-content -->
              </div> <!-- method -->
              <div class="method">
                <div class="method-content">
                  <a name="testInvalidPythonCodeBasicOpeartions(System.out.println(&#039;Hello World&#039;), NameError: name &#039;System&#039; is not defined on line 1)">
                  </a> <!-- testInvalidPythonCodeBasicOpeartions(System.out.println('Hello World'), NameError: name 'System' is not defined on line 1) -->
                  <span class="method-name">testInvalidPythonCodeBasicOpeartions</span>
                  <span class="parameters">(System.out.println('Hello World'), NameError: name 'System' is not defined on line 1)</span>
                </div> <!-- method-content -->
              </div> <!-- method -->
              <div class="method">
                <div class="method-content">
                  <a name="testValidPythonCode(print(&#039;Hello World&#039;), Hello World)">
                  </a> <!-- testValidPythonCode(print('Hello World'), Hello World) -->
                  <span class="method-name">testValidPythonCode</span>
                  <span class="parameters">(print('Hello World'), Hello World)</span>
                </div> <!-- method-content -->
              </div> <!-- method -->
              <div class="method">
                <div class="method-content">
                  <a name="testValidPythonCodeApplicationsofArray(print(&#039;Hello World&#039;), Hello World)">
                  </a> <!-- testValidPythonCodeApplicationsofArray(print('Hello World'), Hello World) -->
                  <span class="method-name">testValidPythonCodeApplicationsofArray</span>
                  <span class="parameters">(print('Hello World'), Hello World)</span>
                </div> <!-- method-content -->
              </div> <!-- method -->
              <div class="method">
                <div class="method-content">
                  <a name="testValidPythonCodeArraysList(print(&#039;Hello World&#039;), Hello World)">
                  </a> <!-- testValidPythonCodeArraysList(print('Hello World'), Hello World) -->
                  <span class="method-name">testValidPythonCodeArraysList</span>
                  <span class="parameters">(print('Hello World'), Hello World)</span>
                </div> <!-- method-content -->
              </div> <!-- method -->
              <div class="method">
                <div class="method-content">
                  <a name="testValidPythonCodeBasicOpearations(print(&#039;Hello World&#039;), Hello World)">
                  </a> <!-- testValidPythonCodeBasicOpearations(print('Hello World'), Hello World) -->
                  <span class="method-name">testValidPythonCodeBasicOpearations</span>
                  <span class="parameters">(print('Hello World'), Hello World)</span>
                </div> <!-- method-content -->
              </div> <!-- method -->
            </div> <!-- main-panel-content rounded-window-bottom -->
          </div> <!-- suite-Default_suite-class-passed -->
        </div> <!-- panel Default_suite -->
        <div panel-name="test-xml-Default_suite" class="panel">
          <div class="main-panel-header rounded-window-top">
            <span class="header-content">C:\Users\ashok\AppData\Local\Temp\testng-eclipse--236212814\testng-customsuite.xml</span>
          </div> <!-- main-panel-header rounded-window-top -->
          <div class="main-panel-content rounded-window-bottom">
            <pre>
&lt;?xml version=&quot;1.0&quot; encoding=&quot;UTF-8&quot;?&gt;
&lt;!DOCTYPE suite SYSTEM &quot;https://testng.org/testng-1.0.dtd&quot;&gt;
&lt;suite name=&quot;Default suite&quot; guice-stage=&quot;DEVELOPMENT&quot;&gt;
  &lt;test thread-count=&quot;5&quot; name=&quot;Default test&quot; verbose=&quot;2&quot;&gt;
    &lt;classes&gt;
      &lt;class name=&quot;TestClasses.ArrayTest&quot;/&gt;
    &lt;/classes&gt;
  &lt;/test&gt; &lt;!-- Default test --&gt;
&lt;/suite&gt; &lt;!-- Default suite --&gt;
            </pre>
          </div> <!-- main-panel-content rounded-window-bottom -->
        </div> <!-- panel -->
        <div panel-name="testlist-Default_suite" class="panel">
          <div class="main-panel-header rounded-window-top">
            <span class="header-content">Tests for Default suite</span>
          </div> <!-- main-panel-header rounded-window-top -->
          <div class="main-panel-content rounded-window-bottom">
            <ul>
              <li>
                <span class="test-name">Default test (1 class)</span>
              </li>
            </ul>
          </div> <!-- main-panel-content rounded-window-bottom -->
        </div> <!-- panel -->
        <div panel-name="group-Default_suite" class="panel">
          <div class="main-panel-header rounded-window-top">
            <span class="header-content">Groups for Default suite</span>
          </div> <!-- main-panel-header rounded-window-top -->
          <div class="main-panel-content rounded-window-bottom">
          </div> <!-- main-panel-content rounded-window-bottom -->
        </div> <!-- panel -->
        <div panel-name="times-Default_suite" class="panel">
          <div class="main-panel-header rounded-window-top">
            <span class="header-content">Times for Default suite</span>
          </div> <!-- main-panel-header rounded-window-top -->
          <div class="main-panel-content rounded-window-bottom">
            <div class="times-div">
              <script type="text/javascript">
suiteTableInitFunctions.push('tableData_Default_suite');
function tableData_Default_suite() {
var data = new google.visualization.DataTable();
data.addColumn('number', 'Number');
data.addColumn('string', 'Method');
data.addColumn('string', 'Class');
data.addColumn('number', 'Time (ms)');
data.addRows(19);
data.setCell(0, 0, 0)
data.setCell(0, 1, 'CheckingArraysinPythonwithEmptyRun')
data.setCell(0, 2, 'TestClasses.ArrayTest')
data.setCell(0, 3, 2710);
data.setCell(1, 0, 1)
data.setCell(1, 1, 'testInvalidPythonCode')
data.setCell(1, 2, 'TestClasses.ArrayTest')
data.setCell(1, 3, 2245);
data.setCell(2, 0, 2)
data.setCell(2, 1, 'ArrayStartingPage')
data.setCell(2, 2, 'TestClasses.ArrayTest')
data.setCell(2, 3, 1970);
data.setCell(3, 0, 3)
data.setCell(3, 1, 'testValidPythonCode')
data.setCell(3, 2, 'TestClasses.ArrayTest')
data.setCell(3, 3, 1296);
data.setCell(4, 0, 4)
data.setCell(4, 1, 'testValidPythonCodeArraysList')
data.setCell(4, 2, 'TestClasses.ArrayTest')
data.setCell(4, 3, 1149);
data.setCell(5, 0, 5)
data.setCell(5, 1, 'CheckingArraysListwithEmptyRun')
data.setCell(5, 2, 'TestClasses.ArrayTest')
data.setCell(5, 3, 1105);
data.setCell(6, 0, 6)
data.setCell(6, 1, 'CheckingBasicOpeartionswithEmptyRun')
data.setCell(6, 2, 'TestClasses.ArrayTest')
data.setCell(6, 3, 1104);
data.setCell(7, 0, 7)
data.setCell(7, 1, 'CheckingApplicationsofArraywithEmptyRun')
data.setCell(7, 2, 'TestClasses.ArrayTest')
data.setCell(7, 3, 1088);
data.setCell(8, 0, 8)
data.setCell(8, 1, 'testValidPythonCodeApplicationsofArray')
data.setCell(8, 2, 'TestClasses.ArrayTest')
data.setCell(8, 3, 1070);
data.setCell(9, 0, 9)
data.setCell(9, 1, 'testValidPythonCodeBasicOpearations')
data.setCell(9, 2, 'TestClasses.ArrayTest')
data.setCell(9, 3, 1034);
data.setCell(10, 0, 10)
data.setCell(10, 1, 'testInvalidPythonCodeBasicOpeartions')
data.setCell(10, 2, 'TestClasses.ArrayTest')
data.setCell(10, 3, 1023);
data.setCell(11, 0, 11)
data.setCell(11, 1, 'testInvalidPythonCodeApplicationsofArray')
data.setCell(11, 2, 'TestClasses.ArrayTest')
data.setCell(11, 3, 996);
data.setCell(12, 0, 12)
data.setCell(12, 1, 'testInvalidPythonCodeArraysList')
data.setCell(12, 2, 'TestClasses.ArrayTest')
data.setCell(12, 3, 990);
data.setCell(13, 0, 13)
data.setCell(13, 1, 'ArraysPythonPage')
data.setCell(13, 2, 'TestClasses.ArrayTest')
data.setCell(13, 3, 912);
data.setCell(14, 0, 14)
data.setCell(14, 1, 'checkPracticeQns')
data.setCell(14, 2, 'TestClasses.ArrayTest')
data.setCell(14, 3, 687);
data.setCell(15, 0, 15)
data.setCell(15, 1, 'testvalidPythonCode_MaxConones')
data.setCell(15, 2, 'TestClasses.ArrayTest')
data.setCell(15, 3, 0);
data.setCell(16, 0, 16)
data.setCell(16, 1, 'testvalidPythonCode_SortedArray')
data.setCell(16, 2, 'TestClasses.ArrayTest')
data.setCell(16, 3, 0);
data.setCell(17, 0, 17)
data.setCell(17, 1, 'testvalidPythonCode_SearchtheArray')
data.setCell(17, 2, 'TestClasses.ArrayTest')
data.setCell(17, 3, 0);
data.setCell(18, 0, 18)
data.setCell(18, 1, 'testvalidPythonCode_EvenNums')
data.setCell(18, 2, 'TestClasses.ArrayTest')
data.setCell(18, 3, 0);
window.suiteTableData['Default_suite']= { tableData: data, tableDiv: 'times-div-Default_suite'}
return data;
}
              </script>
              <span class="suite-total-time">Total running time: 19 seconds</span>
              <div id="times-div-Default_suite">
              </div> <!-- times-div-Default_suite -->
            </div> <!-- times-div -->
          </div> <!-- main-panel-content rounded-window-bottom -->
        </div> <!-- panel -->
        <div panel-name="reporter-Default_suite" class="panel">
          <div class="main-panel-header rounded-window-top">
            <span class="header-content">Reporter output for Default suite</span>
          </div> <!-- main-panel-header rounded-window-top -->
          <div class="main-panel-content rounded-window-bottom">
          </div> <!-- main-panel-content rounded-window-bottom -->
        </div> <!-- panel -->
        <div panel-name="ignored-methods-Default_suite" class="panel">
          <div class="main-panel-header rounded-window-top">
            <span class="header-content">0 ignored methods</span>
          </div> <!-- main-panel-header rounded-window-top -->
          <div class="main-panel-content rounded-window-bottom">
          </div> <!-- main-panel-content rounded-window-bottom -->
        </div> <!-- panel -->
        <div panel-name="chronological-Default_suite" class="panel">
          <div class="main-panel-header rounded-window-top">
            <span class="header-content">Methods in chronological order</span>
          </div> <!-- main-panel-header rounded-window-top -->
          <div class="main-panel-content rounded-window-bottom">
            <div class="chronological-class">
              <div class="chronological-class-name">TestClasses.ArrayTest</div> <!-- chronological-class-name -->
              <div class="configuration-class before">
                <span class="method-name">setUp(chrome)</span>
                <span class="method-start">0 ms</span>
              </div> <!-- configuration-class before -->
              <div class="configuration-method before">
                <span class="method-name">navigateToHomePage</span>
                <span class="method-start">1232 ms</span>
              </div> <!-- configuration-method before -->
              <div class="configuration-method before">
                <span class="method-name">setupPages</span>
                <span class="method-start">3658 ms</span>
              </div> <!-- configuration-method before -->
              <div class="test-method">
                <span class="method-name">ArrayStartingPage</span>
                <span class="method-start">3687 ms</span>
              </div> <!-- test-method -->
              <div class="configuration-method before">
                <span class="method-name">navigateToHomePage</span>
                <span class="method-start">5670 ms</span>
              </div> <!-- configuration-method before -->
              <div class="configuration-method before">
                <span class="method-name">setupPages</span>
                <span class="method-start">5856 ms</span>
              </div> <!-- configuration-method before -->
              <div class="test-method">
                <span class="method-name">ArraysPythonPage</span>
                <span class="method-start">5859 ms</span>
              </div> <!-- test-method -->
              <div class="configuration-method before">
                <span class="method-name">navigateToHomePage</span>
                <span class="method-start">6774 ms</span>
              </div> <!-- configuration-method before -->
              <div class="configuration-method before">
                <span class="method-name">setupPages</span>
                <span class="method-start">7020 ms</span>
              </div> <!-- configuration-method before -->
              <div class="test-method">
                <span class="method-name">CheckingArraysinPythonwithEmptyRun</span>
                <span class="method-start">7022 ms</span>
              </div> <!-- test-method -->
              <div class="configuration-method before">
                <span class="method-name">navigateToHomePage</span>
                <span class="method-start">10370 ms</span>
              </div> <!-- configuration-method before -->
              <div class="configuration-method before">
                <span class="method-name">setupPages</span>
                <span class="method-start">10579 ms</span>
              </div> <!-- configuration-method before -->
              <div class="test-method">
                <span class="method-name">testInvalidPythonCode(System.out.println('Hello World'), NameError: name 'System' is not defined on line 1)</span>
                <span class="method-start">10584 ms</span>
              </div> <!-- test-method -->
              <div class="configuration-method before">
                <span class="method-name">navigateToHomePage</span>
                <span class="method-start">12931 ms</span>
              </div> <!-- configuration-method before -->
              <div class="configuration-method before">
                <span class="method-name">setupPages</span>
                <span class="method-start">13196 ms</span>
              </div> <!-- configuration-method before -->
              <div class="test-method">
                <span class="method-name">testValidPythonCode(print('Hello World'), Hello World)</span>
                <span class="method-start">13199 ms</span>
              </div> <!-- test-method -->
              <div class="configuration-method before">
                <span class="method-name">navigateToHomePage</span>
                <span class="method-start">14497 ms</span>
              </div> <!-- configuration-method before -->
              <div class="configuration-method before">
                <span class="method-name">setupPages</span>
                <span class="method-start">14679 ms</span>
              </div> <!-- configuration-method before -->
              <div class="test-method">
                <span class="method-name">CheckingArraysListwithEmptyRun</span>
                <span class="method-start">14684 ms</span>
              </div> <!-- test-method -->
              <div class="configuration-method before">
                <span class="method-name">navigateToHomePage</span>
                <span class="method-start">15887 ms</span>
              </div> <!-- configuration-method before -->
              <div class="configuration-method before">
                <span class="method-name">setupPages</span>
                <span class="method-start">16070 ms</span>
              </div> <!-- configuration-method before -->
              <div class="test-method">
                <span class="method-name">testInvalidPythonCodeArraysList(System.out.println('Hello World'), NameError: name 'System' is not defined on line 1)</span>
                <span class="method-start">16072 ms</span>
              </div> <!-- test-method -->
              <div class="configuration-method before">
                <span class="method-name">navigateToHomePage</span>
                <span class="method-start">17125 ms</span>
              </div> <!-- configuration-method before -->
              <div class="configuration-method before">
                <span class="method-name">setupPages</span>
                <span class="method-start">17328 ms</span>
              </div> <!-- configuration-method before -->
              <div class="test-method">
                <span class="method-name">testValidPythonCodeArraysList(print('Hello World'), Hello World)</span>
                <span class="method-start">17332 ms</span>
              </div> <!-- test-method -->
              <div class="configuration-method before">
                <span class="method-name">navigateToHomePage</span>
                <span class="method-start">18482 ms</span>
              </div> <!-- configuration-method before -->
              <div class="configuration-method before">
                <span class="method-name">setupPages</span>
                <span class="method-start">18674 ms</span>
              </div> <!-- configuration-method before -->
              <div class="test-method">
                <span class="method-name">CheckingBasicOpeartionswithEmptyRun</span>
                <span class="method-start">18676 ms</span>
              </div> <!-- test-method -->
              <div class="configuration-method before">
                <span class="method-name">navigateToHomePage</span>
                <span class="method-start">19870 ms</span>
              </div> <!-- configuration-method before -->
              <div class="configuration-method before">
                <span class="method-name">setupPages</span>
                <span class="method-start">20041 ms</span>
              </div> <!-- configuration-method before -->
              <div class="test-method">
                <span class="method-name">testInvalidPythonCodeBasicOpeartions(System.out.println('Hello World'), NameError: name 'System' is not defined on line 1)</span>
                <span class="method-start">20043 ms</span>
              </div> <!-- test-method -->
              <div class="configuration-method before">
                <span class="method-name">navigateToHomePage</span>
                <span class="method-start">21110 ms</span>
              </div> <!-- configuration-method before -->
              <div class="configuration-method before">
                <span class="method-name">setupPages</span>
                <span class="method-start">21322 ms</span>
              </div> <!-- configuration-method before -->
              <div class="test-method">
                <span class="method-name">testValidPythonCodeBasicOpearations(print('Hello World'), Hello World)</span>
                <span class="method-start">21324 ms</span>
              </div> <!-- test-method -->
              <div class="configuration-method before">
                <span class="method-name">navigateToHomePage</span>
                <span class="method-start">22360 ms</span>
              </div> <!-- configuration-method before -->
              <div class="configuration-method before">
                <span class="method-name">setupPages</span>
                <span class="method-start">22547 ms</span>
              </div> <!-- configuration-method before -->
              <div class="test-method">
                <span class="method-name">CheckingApplicationsofArraywithEmptyRun</span>
                <span class="method-start">22549 ms</span>
              </div> <!-- test-method -->
              <div class="configuration-method before">
                <span class="method-name">navigateToHomePage</span>
                <span class="method-start">23727 ms</span>
              </div> <!-- configuration-method before -->
              <div class="configuration-method before">
                <span class="method-name">setupPages</span>
                <span class="method-start">23897 ms</span>
              </div> <!-- configuration-method before -->
              <div class="test-method">
                <span class="method-name">testInvalidPythonCodeApplicationsofArray(System.out.println('Hello World'), NameError: name 'System' is not defined on line 1)</span>
                <span class="method-start">23901 ms</span>
              </div> <!-- test-method -->
              <div class="configuration-method before">
                <span class="method-name">navigateToHomePage</span>
                <span class="method-start">24935 ms</span>
              </div> <!-- configuration-method before -->
              <div class="configuration-method before">
                <span class="method-name">setupPages</span>
                <span class="method-start">25121 ms</span>
              </div> <!-- configuration-method before -->
              <div class="test-method">
                <span class="method-name">testValidPythonCodeApplicationsofArray(print('Hello World'), Hello World)</span>
                <span class="method-start">25124 ms</span>
              </div> <!-- test-method -->
              <div class="configuration-method before">
                <span class="method-name">navigateToHomePage</span>
                <span class="method-start">26196 ms</span>
              </div> <!-- configuration-method before -->
              <div class="configuration-method before">
                <span class="method-name">setupPages</span>
                <span class="method-start">26404 ms</span>
              </div> <!-- configuration-method before -->
              <div class="test-method">
                <span class="method-name">checkPracticeQns</span>
                <span class="method-start">26406 ms</span>
              </div> <!-- test-method -->
              <div class="configuration-class after">
                <span class="method-name">tearDown</span>
                <span class="method-start">27193 ms</span>
              </div> <!-- configuration-class after -->
          </div> <!-- main-panel-content rounded-window-bottom -->
        </div> <!-- panel -->
      </div> <!-- main-panel-root -->
    </div> <!-- wrapper -->
  </body>
<script type="text/javascript" src="testng-reports2.js"></script>
</html>
