<?xml version="1.0" encoding="UTF-8"?>
<!-- Generated by org.testng.reporters.JUnitReportReporter -->
<testsuite hostname="LenovoRRB" failures="0" tests="94" name="TestClasses.LinkedListTest" time="78.686" errors="1" timestamp="2025-04-07T14:25:00 CDT" skipped="31">
  <testcase classname="TestClasses.LinkedListTest" name="setUp" time="1.966">
    <error message="Could not start a new session. Response code 500. Message: unknown error: cannot find Chrome binary 
Host info: host: &#039;LENOVORRB&#039;, ip: &#039;10.0.0.213&#039;
Build info: version: &#039;4.9.0&#039;, revision: &#039;d7057100a6&#039;
System info: os.name: &#039;Windows 11&#039;, os.arch: &#039;amd64&#039;, os.version: &#039;10.0&#039;, java.version: &#039;23.0.1&#039;
Driver info: org.openqa.selenium.chrome.ChromeDriver
Command: [null, newSession {capabilities=[Capabilities {browserName: chrome, goog:chromeOptions: {args: [--remote-allow-origins=*], extensions: []}}]}]" type="org.openqa.selenium.SessionNotCreatedException">
      <![CDATA[org.openqa.selenium.SessionNotCreatedException: Could not start a new session. Response code 500. Message: unknown error: cannot find Chrome binary 
Host info: host: 'LENOVORRB', ip: '10.0.0.213'
Build info: version: '4.9.0', revision: 'd7057100a6'
System info: os.name: 'Windows 11', os.arch: 'amd64', os.version: '10.0', java.version: '23.0.1'
Driver info: org.openqa.selenium.chrome.ChromeDriver
Command: [null, newSession {capabilities=[Capabilities {browserName: chrome, goog:chromeOptions: {args: [--remote-allow-origins=*], extensions: []}}]}]
at org.openqa.selenium.remote.ProtocolHandshake.createSession(ProtocolHandshake.java:136)
at org.openqa.selenium.remote.ProtocolHandshake.createSession(ProtocolHandshake.java:94)
at org.openqa.selenium.remote.ProtocolHandshake.createSession(ProtocolHandshake.java:68)
at org.openqa.selenium.remote.HttpCommandExecutor.execute(HttpCommandExecutor.java:165)
at org.openqa.selenium.remote.service.DriverCommandExecutor.invokeExecute(DriverCommandExecutor.java:183)
at org.openqa.selenium.remote.service.DriverCommandExecutor.execute(DriverCommandExecutor.java:158)
at org.openqa.selenium.remote.RemoteWebDriver.execute(RemoteWebDriver.java:543)
at org.openqa.selenium.remote.RemoteWebDriver.startSession(RemoteWebDriver.java:229)
at org.openqa.selenium.remote.RemoteWebDriver.<init>(RemoteWebDriver.java:157)
at org.openqa.selenium.chromium.ChromiumDriver.<init>(ChromiumDriver.java:101)
at org.openqa.selenium.chrome.ChromeDriver.<init>(ChromeDriver.java:88)
at org.openqa.selenium.chrome.ChromeDriver.<init>(ChromeDriver.java:84)
at org.openqa.selenium.chrome.ChromeDriver.<init>(ChromeDriver.java:52)
at DriverFactory.driverFactory.initiateDriver(driverFactory.java:31)
at BaseClass.TestBase.setUp(TestBase.java:20)
at java.base/jdk.internal.reflect.DirectMethodHandleAccessor.invoke(DirectMethodHandleAccessor.java:103)
at java.base/java.lang.reflect.Method.invoke(Method.java:580)
at org.testng.internal.invokers.MethodInvocationHelper.invokeMethod(MethodInvocationHelper.java:141)
at org.testng.internal.invokers.MethodInvocationHelper.invokeMethodConsideringTimeout(MethodInvocationHelper.java:71)
at org.testng.internal.invokers.ConfigInvoker.invokeConfigurationMethod(ConfigInvoker.java:400)
at org.testng.internal.invokers.ConfigInvoker.invokeConfigurations(ConfigInvoker.java:333)
at org.testng.internal.invokers.TestMethodWorker.invokeBeforeClassMethods(TestMethodWorker.java:188)
at org.testng.internal.invokers.TestMethodWorker.run(TestMethodWorker.java:128)
at java.base/java.util.ArrayList.forEach(ArrayList.java:1597)
at org.testng.TestRunner.privateRun(TestRunner.java:741)
at org.testng.TestRunner.run(TestRunner.java:616)
at org.testng.SuiteRunner.runTest(SuiteRunner.java:421)
at org.testng.SuiteRunner.runSequentially(SuiteRunner.java:413)
at org.testng.SuiteRunner.privateRun(SuiteRunner.java:373)
at org.testng.SuiteRunner.run(SuiteRunner.java:312)
at org.testng.SuiteRunnerWorker.runSuite(SuiteRunnerWorker.java:52)
at org.testng.SuiteRunnerWorker.run(SuiteRunnerWorker.java:95)
at org.testng.TestNG.runSuitesSequentially(TestNG.java:1274)
at org.testng.TestNG.runSuitesLocally(TestNG.java:1208)
at org.testng.TestNG.runSuites(TestNG.java:1112)
at org.testng.TestNG.run(TestNG.java:1079)
at org.testng.remote.AbstractRemoteTestNG.run(AbstractRemoteTestNG.java:115)
at org.testng.remote.RemoteTestNG.initAndRun(RemoteTestNG.java:293)
at org.testng.remote.RemoteTestNG.main(RemoteTestNG.java:91)
]]>
    </error>
  </testcase> <!-- setUp -->
  <testcase classname="TestClasses.LinkedListTest" name="LinkedListFromGetStarted" time="1.570"/>
  <testcase classname="TestClasses.LinkedListTest" name="LinkedListFromGetStarted" time="0.000">
    <skipped/>
  </testcase> <!-- LinkedListFromGetStarted -->
  <testcase classname="TestClasses.LinkedListTest" name="LinkedListFromGetStarted" time="1.492"/>
  <testcase classname="TestClasses.LinkedListTest" name="LinkedListFromDropdown" time="0.000">
    <skipped/>
  </testcase> <!-- LinkedListFromDropdown -->
  <testcase classname="TestClasses.LinkedListTest" name="LinkedListFromDropdown" time="0.519"/>
  <testcase classname="TestClasses.LinkedListTest" name="LinkedListFromDropdown" time="0.721"/>
  <testcase classname="TestClasses.LinkedListTest" name="checkingIntro" time="0.573"/>
  <testcase classname="TestClasses.LinkedListTest" name="checkingIntro" time="0.000">
    <skipped/>
  </testcase> <!-- checkingIntro -->
  <testcase classname="TestClasses.LinkedListTest" name="checkingIntro" time="0.579"/>
  <testcase classname="TestClasses.LinkedListTest" name="checkingAllOtherLinks" time="0.449"/>
  <testcase classname="TestClasses.LinkedListTest" name="checkingAllOtherLinks" time="0.001">
    <skipped/>
  </testcase> <!-- checkingAllOtherLinks -->
  <testcase classname="TestClasses.LinkedListTest" name="checkingAllOtherLinks" time="0.832"/>
  <testcase classname="TestClasses.LinkedListTest" name="checkingAllOtherLinks" time="0.501"/>
  <testcase classname="TestClasses.LinkedListTest" name="checkingAllOtherLinks" time="0.611"/>
  <testcase classname="TestClasses.LinkedListTest" name="checkingAllOtherLinks" time="0.742"/>
  <testcase classname="TestClasses.LinkedListTest" name="checkingAllOtherLinks" time="0.000">
    <skipped/>
  </testcase> <!-- checkingAllOtherLinks -->
  <testcase classname="TestClasses.LinkedListTest" name="checkingAllOtherLinks" time="0.456"/>
  <testcase classname="TestClasses.LinkedListTest" name="checkingAllOtherLinks" time="0.404"/>
  <testcase classname="TestClasses.LinkedListTest" name="checkingAllOtherLinks" time="0.649"/>
  <testcase classname="TestClasses.LinkedListTest" name="checkingAllOtherLinks" time="0.000">
    <skipped/>
  </testcase> <!-- checkingAllOtherLinks -->
  <testcase classname="TestClasses.LinkedListTest" name="checkingAllOtherLinks" time="0.000">
    <skipped/>
  </testcase> <!-- checkingAllOtherLinks -->
  <testcase classname="TestClasses.LinkedListTest" name="checkingAllOtherLinks" time="0.000">
    <skipped/>
  </testcase> <!-- checkingAllOtherLinks -->
  <testcase classname="TestClasses.LinkedListTest" name="checkingAllOtherLinks" time="0.614"/>
  <testcase classname="TestClasses.LinkedListTest" name="checkingAllOtherLinks" time="0.000">
    <skipped/>
  </testcase> <!-- checkingAllOtherLinks -->
  <testcase classname="TestClasses.LinkedListTest" name="testValidPythonCode_Intro" time="0.000">
    <skipped/>
  </testcase> <!-- testValidPythonCode_Intro -->
  <testcase classname="TestClasses.LinkedListTest" name="checkingAllOtherLinks" time="0.454"/>
  <testcase classname="TestClasses.LinkedListTest" name="checkingAllOtherLinks" time="0.525"/>
  <testcase classname="TestClasses.LinkedListTest" name="testValidPythonCode_Intro" time="1.995"/>
  <testcase classname="TestClasses.LinkedListTest" name="checkingAllOtherLinks" time="0.608"/>
  <testcase classname="TestClasses.LinkedListTest" name="testValidPythonCode_Intro" time="2.115"/>
  <testcase classname="TestClasses.LinkedListTest" name="testInvalidPythonCode_Intro" time="1.745"/>
  <testcase classname="TestClasses.LinkedListTest" name="testInvalidPythonCode_Intro" time="1.280"/>
  <testcase classname="TestClasses.LinkedListTest" name="testInvalidPythonCode_Intro" time="0.000">
    <skipped/>
  </testcase> <!-- testInvalidPythonCode_Intro -->
  <testcase classname="TestClasses.LinkedListTest" name="emptyInput_Intro" time="0.000">
    <skipped/>
  </testcase> <!-- emptyInput_Intro -->
  <testcase classname="TestClasses.LinkedListTest" name="emptyInput_Intro" time="1.264"/>
  <testcase classname="TestClasses.LinkedListTest" name="emptyInput_Intro" time="1.635"/>
  <testcase classname="TestClasses.LinkedListTest" name="testValidPythonCode_CreatingLinkedList" time="2.180"/>
  <testcase classname="TestClasses.LinkedListTest" name="testValidPythonCode_CreatingLinkedList" time="1.583"/>
  <testcase classname="TestClasses.LinkedListTest" name="testValidPythonCode_CreatingLinkedList" time="0.000">
    <skipped/>
  </testcase> <!-- testValidPythonCode_CreatingLinkedList -->
  <testcase classname="TestClasses.LinkedListTest" name="testInvalidPythonCode_CreatingLinkedList" time="1.238"/>
  <testcase classname="TestClasses.LinkedListTest" name="testInvalidPythonCode_CreatingLinkedList" time="0.000">
    <skipped/>
  </testcase> <!-- testInvalidPythonCode_CreatingLinkedList -->
  <testcase classname="TestClasses.LinkedListTest" name="testInvalidPythonCode_CreatingLinkedList" time="1.545"/>
  <testcase classname="TestClasses.LinkedListTest" name="emptyInput_CreatingLinkedList" time="1.245"/>
  <testcase classname="TestClasses.LinkedListTest" name="emptyInput_CreatingLinkedList" time="1.459"/>
  <testcase classname="TestClasses.LinkedListTest" name="emptyInput_CreatingLinkedList" time="0.000">
    <skipped/>
  </testcase> <!-- emptyInput_CreatingLinkedList -->
  <testcase classname="TestClasses.LinkedListTest" name="testValidPythonCode_TypesofLinkedlist" time="1.502"/>
  <testcase classname="TestClasses.LinkedListTest" name="testValidPythonCode_TypesofLinkedlist" time="0.000">
    <skipped/>
  </testcase> <!-- testValidPythonCode_TypesofLinkedlist -->
  <testcase classname="TestClasses.LinkedListTest" name="testValidPythonCode_TypesofLinkedlist" time="1.409"/>
  <testcase classname="TestClasses.LinkedListTest" name="testInvalidPythonCode_TypesofLinkedlist" time="1.500"/>
  <testcase classname="TestClasses.LinkedListTest" name="testInvalidPythonCode_TypesofLinkedlist" time="0.000">
    <skipped/>
  </testcase> <!-- testInvalidPythonCode_TypesofLinkedlist -->
  <testcase classname="TestClasses.LinkedListTest" name="testInvalidPythonCode_TypesofLinkedlist" time="1.393"/>
  <testcase classname="TestClasses.LinkedListTest" name="emptyInput_TypesofLinkedlist" time="1.529"/>
  <testcase classname="TestClasses.LinkedListTest" name="emptyInput_TypesofLinkedlist" time="1.220"/>
  <testcase classname="TestClasses.LinkedListTest" name="emptyInput_TypesofLinkedlist" time="0.000">
    <skipped/>
  </testcase> <!-- emptyInput_TypesofLinkedlist -->
  <testcase classname="TestClasses.LinkedListTest" name="testValidPythonCode_ImplLinkedListInPython" time="1.957"/>
  <testcase classname="TestClasses.LinkedListTest" name="testValidPythonCode_ImplLinkedListInPython" time="1.475"/>
  <testcase classname="TestClasses.LinkedListTest" name="testValidPythonCode_ImplLinkedListInPython" time="0.000">
    <skipped/>
  </testcase> <!-- testValidPythonCode_ImplLinkedListInPython -->
  <testcase classname="TestClasses.LinkedListTest" name="testInvalidPythonCode_ImplLinkedListInPython" time="1.173"/>
  <testcase classname="TestClasses.LinkedListTest" name="testInvalidPythonCode_ImplLinkedListInPython" time="0.000">
    <skipped/>
  </testcase> <!-- testInvalidPythonCode_ImplLinkedListInPython -->
  <testcase classname="TestClasses.LinkedListTest" name="testInvalidPythonCode_ImplLinkedListInPython" time="1.475"/>
  <testcase classname="TestClasses.LinkedListTest" name="emptyInput_ImplLinkedListInPython" time="1.212"/>
  <testcase classname="TestClasses.LinkedListTest" name="emptyInput_ImplLinkedListInPython" time="1.419"/>
  <testcase classname="TestClasses.LinkedListTest" name="emptyInput_ImplLinkedListInPython" time="0.000">
    <skipped/>
  </testcase> <!-- emptyInput_ImplLinkedListInPython -->
  <testcase classname="TestClasses.LinkedListTest" name="testValidPythonCode_Traversal" time="1.639"/>
  <testcase classname="TestClasses.LinkedListTest" name="testValidPythonCode_Traversal" time="1.595"/>
  <testcase classname="TestClasses.LinkedListTest" name="testValidPythonCode_Traversal" time="0.000">
    <skipped/>
  </testcase> <!-- testValidPythonCode_Traversal -->
  <testcase classname="TestClasses.LinkedListTest" name="testInvalidPythonCode_Traversal" time="0.000">
    <skipped/>
  </testcase> <!-- testInvalidPythonCode_Traversal -->
  <testcase classname="TestClasses.LinkedListTest" name="testInvalidPythonCode_Traversal" time="1.934"/>
  <testcase classname="TestClasses.LinkedListTest" name="testInvalidPythonCode_Traversal" time="1.155"/>
  <testcase classname="TestClasses.LinkedListTest" name="emptyInput_Traversal" time="1.697"/>
  <testcase classname="TestClasses.LinkedListTest" name="emptyInput_Traversal" time="1.271"/>
  <testcase classname="TestClasses.LinkedListTest" name="emptyInput_Traversal" time="0.000">
    <skipped/>
  </testcase> <!-- emptyInput_Traversal -->
  <testcase classname="TestClasses.LinkedListTest" name="testValidPythonCode_Insertion" time="0.000">
    <skipped/>
  </testcase> <!-- testValidPythonCode_Insertion -->
  <testcase classname="TestClasses.LinkedListTest" name="testValidPythonCode_Insertion" time="1.468"/>
  <testcase classname="TestClasses.LinkedListTest" name="testValidPythonCode_Insertion" time="1.708"/>
  <testcase classname="TestClasses.LinkedListTest" name="testInvalidPythonCode_Insertion" time="1.771"/>
  <testcase classname="TestClasses.LinkedListTest" name="testInvalidPythonCode_Insertion" time="1.178"/>
  <testcase classname="TestClasses.LinkedListTest" name="testInvalidPythonCode_Insertion" time="0.000">
    <skipped/>
  </testcase> <!-- testInvalidPythonCode_Insertion -->
  <testcase classname="TestClasses.LinkedListTest" name="emptyInput_Insertion" time="1.354"/>
  <testcase classname="TestClasses.LinkedListTest" name="emptyInput_Insertion" time="1.191"/>
  <testcase classname="TestClasses.LinkedListTest" name="emptyInput_Insertion" time="0.000">
    <skipped/>
  </testcase> <!-- emptyInput_Insertion -->
  <testcase classname="TestClasses.LinkedListTest" name="testValidPythonCode_Deletion" time="1.172"/>
  <testcase classname="TestClasses.LinkedListTest" name="testValidPythonCode_Deletion" time="0.000">
    <skipped/>
  </testcase> <!-- testValidPythonCode_Deletion -->
  <testcase classname="TestClasses.LinkedListTest" name="testValidPythonCode_Deletion" time="1.234"/>
  <testcase classname="TestClasses.LinkedListTest" name="testInvalidPythonCode_Deletion" time="1.566"/>
  <testcase classname="TestClasses.LinkedListTest" name="testInvalidPythonCode_Deletion" time="0.000">
    <skipped/>
  </testcase> <!-- testInvalidPythonCode_Deletion -->
  <testcase classname="TestClasses.LinkedListTest" name="testInvalidPythonCode_Deletion" time="1.466"/>
  <testcase classname="TestClasses.LinkedListTest" name="emptyInput_Deletion" time="1.193"/>
  <testcase classname="TestClasses.LinkedListTest" name="emptyInput_Deletion" time="1.290"/>
  <testcase classname="TestClasses.LinkedListTest" name="emptyInput_Deletion" time="0.000">
    <skipped/>
  </testcase> <!-- emptyInput_Deletion -->
  <testcase classname="TestClasses.LinkedListTest" name="checkPracticeQuestions" time="0.843"/>
  <testcase classname="TestClasses.LinkedListTest" name="checkPracticeQuestions" time="0.000">
    <skipped/>
  </testcase> <!-- checkPracticeQuestions -->
  <testcase classname="TestClasses.LinkedListTest" name="checkPracticeQuestions" time="1.147"/>
</testsuite> <!-- TestClasses.LinkedListTest -->
