<?xml version="1.0" encoding="UTF-8"?>
<!-- Generated by org.testng.reporters.JUnitReportReporter -->
<testsuite hostname="LenovoRRB" failures="0" tests="43" name="TestClasses.QueueTest" time="40.054" errors="1" timestamp="2025-04-07T14:25:00 CDT" skipped="14">
  <testcase classname="TestClasses.QueueTest" name="setUp" time="0.667">
    <error message="Could not start a new session. Response code 500. Message: unknown error: cannot find Chrome binary 
Host info: host: &#039;LENOVORRB&#039;, ip: &#039;10.0.0.213&#039;
Build info: version: &#039;4.9.0&#039;, revision: &#039;d7057100a6&#039;
System info: os.name: &#039;Windows 11&#039;, os.arch: &#039;amd64&#039;, os.version: &#039;10.0&#039;, java.version: &#039;23.0.1&#039;
Driver info: org.openqa.selenium.chrome.ChromeDriver
Command: [null, newSession {capabilities=[Capabilities {browserName: chrome, goog:chromeOptions: {args: [--remote-allow-origins=*], extensions: []}}]}]" type="org.openqa.selenium.SessionNotCreatedException">
      <![CDATA[org.openqa.selenium.SessionNotCreatedException: Could not start a new session. Response code 500. Message: unknown error: cannot find Chrome binary 
Host info: host: 'LENOVORRB', ip: '10.0.0.213'
Build info: version: '4.9.0', revision: 'd7057100a6'
System info: os.name: 'Windows 11', os.arch: 'amd64', os.version: '10.0', java.version: '23.0.1'
Driver info: org.openqa.selenium.chrome.ChromeDriver
Command: [null, newSession {capabilities=[Capabilities {browserName: chrome, goog:chromeOptions: {args: [--remote-allow-origins=*], extensions: []}}]}]
at org.openqa.selenium.remote.ProtocolHandshake.createSession(ProtocolHandshake.java:136)
at org.openqa.selenium.remote.ProtocolHandshake.createSession(ProtocolHandshake.java:94)
at org.openqa.selenium.remote.ProtocolHandshake.createSession(ProtocolHandshake.java:68)
at org.openqa.selenium.remote.HttpCommandExecutor.execute(HttpCommandExecutor.java:165)
at org.openqa.selenium.remote.service.DriverCommandExecutor.invokeExecute(DriverCommandExecutor.java:183)
at org.openqa.selenium.remote.service.DriverCommandExecutor.execute(DriverCommandExecutor.java:158)
at org.openqa.selenium.remote.RemoteWebDriver.execute(RemoteWebDriver.java:543)
at org.openqa.selenium.remote.RemoteWebDriver.startSession(RemoteWebDriver.java:229)
at org.openqa.selenium.remote.RemoteWebDriver.<init>(RemoteWebDriver.java:157)
at org.openqa.selenium.chromium.ChromiumDriver.<init>(ChromiumDriver.java:101)
at org.openqa.selenium.chrome.ChromeDriver.<init>(ChromeDriver.java:88)
at org.openqa.selenium.chrome.ChromeDriver.<init>(ChromeDriver.java:84)
at org.openqa.selenium.chrome.ChromeDriver.<init>(ChromeDriver.java:52)
at DriverFactory.driverFactory.initiateDriver(driverFactory.java:31)
at BaseClass.TestBase.setUp(TestBase.java:20)
at java.base/jdk.internal.reflect.DirectMethodHandleAccessor.invoke(DirectMethodHandleAccessor.java:103)
at java.base/java.lang.reflect.Method.invoke(Method.java:580)
at org.testng.internal.invokers.MethodInvocationHelper.invokeMethod(MethodInvocationHelper.java:141)
at org.testng.internal.invokers.MethodInvocationHelper.invokeMethodConsideringTimeout(MethodInvocationHelper.java:71)
at org.testng.internal.invokers.ConfigInvoker.invokeConfigurationMethod(ConfigInvoker.java:400)
at org.testng.internal.invokers.ConfigInvoker.invokeConfigurations(ConfigInvoker.java:333)
at org.testng.internal.invokers.TestMethodWorker.invokeBeforeClassMethods(TestMethodWorker.java:188)
at org.testng.internal.invokers.TestMethodWorker.run(TestMethodWorker.java:128)
at java.base/java.util.ArrayList.forEach(ArrayList.java:1597)
at org.testng.TestRunner.privateRun(TestRunner.java:741)
at org.testng.TestRunner.run(TestRunner.java:616)
at org.testng.SuiteRunner.runTest(SuiteRunner.java:421)
at org.testng.SuiteRunner.runSequentially(SuiteRunner.java:413)
at org.testng.SuiteRunner.privateRun(SuiteRunner.java:373)
at org.testng.SuiteRunner.run(SuiteRunner.java:312)
at org.testng.SuiteRunnerWorker.runSuite(SuiteRunnerWorker.java:52)
at org.testng.SuiteRunnerWorker.run(SuiteRunnerWorker.java:95)
at org.testng.TestNG.runSuitesSequentially(TestNG.java:1274)
at org.testng.TestNG.runSuitesLocally(TestNG.java:1208)
at org.testng.TestNG.runSuites(TestNG.java:1112)
at org.testng.TestNG.run(TestNG.java:1079)
at org.testng.remote.AbstractRemoteTestNG.run(AbstractRemoteTestNG.java:115)
at org.testng.remote.RemoteTestNG.initAndRun(RemoteTestNG.java:293)
at org.testng.remote.RemoteTestNG.main(RemoteTestNG.java:91)
]]>
    </error>
  </testcase> <!-- setUp -->
  <testcase classname="TestClasses.QueueTest" name="testQueueGetStarted" time="1.238"/>
  <testcase classname="TestClasses.QueueTest" name="testQueueGetStarted" time="1.246"/>
  <testcase classname="TestClasses.QueueTest" name="testQueueGetStarted" time="0.000">
    <skipped/>
  </testcase> <!-- testQueueGetStarted -->
  <testcase classname="TestClasses.QueueTest" name="checkImplementationofQueueinPython" time="1.569"/>
  <testcase classname="TestClasses.QueueTest" name="checkImplementationofQueueinPython" time="1.477"/>
  <testcase classname="TestClasses.QueueTest" name="checkImplementationofQueueinPython" time="0.000">
    <skipped/>
  </testcase> <!-- checkImplementationofQueueinPython -->
  <testcase classname="TestClasses.QueueTest" name="testInvalidPythonCode" time="1.113"/>
  <testcase classname="TestClasses.QueueTest" name="testInvalidPythonCode" time="1.266"/>
  <testcase classname="TestClasses.QueueTest" name="testInvalidPythonCode" time="0.000">
    <skipped/>
  </testcase> <!-- testInvalidPythonCode -->
  <testcase classname="TestClasses.QueueTest" name="testValidPythonCode" time="1.306"/>
  <testcase classname="TestClasses.QueueTest" name="testValidPythonCode" time="0.000">
    <skipped/>
  </testcase> <!-- testValidPythonCode -->
  <testcase classname="TestClasses.QueueTest" name="testValidPythonCode" time="1.332"/>
  <testcase classname="TestClasses.QueueTest" name="checkPracticeQns" time="0.692"/>
  <testcase classname="TestClasses.QueueTest" name="checkPracticeQns" time="1.193"/>
  <testcase classname="TestClasses.QueueTest" name="checkPracticeQns" time="0.000">
    <skipped/>
  </testcase> <!-- checkPracticeQns -->
  <testcase classname="TestClasses.QueueTest" name="checkImplementationUsingCollectionsDequeue" time="1.672"/>
  <testcase classname="TestClasses.QueueTest" name="checkImplementationUsingCollectionsDequeue" time="1.278"/>
  <testcase classname="TestClasses.QueueTest" name="checkImplementationUsingCollectionsDequeue" time="0.000">
    <skipped/>
  </testcase> <!-- checkImplementationUsingCollectionsDequeue -->
  <testcase classname="TestClasses.QueueTest" name="testImplementationUsingCollectionsDequeueInvalidPythonCode" time="1.828"/>
  <testcase classname="TestClasses.QueueTest" name="testImplementationUsingCollectionsDequeueInvalidPythonCode" time="0.000">
    <skipped/>
  </testcase> <!-- testImplementationUsingCollectionsDequeueInvalidPythonCode -->
  <testcase classname="TestClasses.QueueTest" name="testImplementationUsingCollectionsDequeueInvalidPythonCode" time="1.094"/>
  <testcase classname="TestClasses.QueueTest" name="testImplementationUsingCollectionsDequeueValidPythonCode" time="0.000">
    <skipped/>
  </testcase> <!-- testImplementationUsingCollectionsDequeueValidPythonCode -->
  <testcase classname="TestClasses.QueueTest" name="testImplementationUsingCollectionsDequeueValidPythonCode" time="1.201"/>
  <testcase classname="TestClasses.QueueTest" name="testImplementationUsingCollectionsDequeueValidPythonCode" time="1.494"/>
  <testcase classname="TestClasses.QueueTest" name="checkImplementationusingarray" time="1.915"/>
  <testcase classname="TestClasses.QueueTest" name="checkImplementationusingarray" time="1.576"/>
  <testcase classname="TestClasses.QueueTest" name="checkImplementationusingarray" time="0.000">
    <skipped/>
  </testcase> <!-- checkImplementationusingarray -->
  <testcase classname="TestClasses.QueueTest" name="testImplementationusingarrayInvalidPythonCode" time="0.000">
    <skipped/>
  </testcase> <!-- testImplementationusingarrayInvalidPythonCode -->
  <testcase classname="TestClasses.QueueTest" name="testImplementationusingarrayInvalidPythonCode" time="1.511"/>
  <testcase classname="TestClasses.QueueTest" name="testImplementationusingarrayInvalidPythonCode" time="1.054"/>
  <testcase classname="TestClasses.QueueTest" name="testImplementationusingarrayValidPythonCode" time="1.233"/>
  <testcase classname="TestClasses.QueueTest" name="testImplementationusingarrayValidPythonCode" time="1.909"/>
  <testcase classname="TestClasses.QueueTest" name="testImplementationusingarrayValidPythonCode" time="0.000">
    <skipped/>
  </testcase> <!-- testImplementationusingarrayValidPythonCode -->
  <testcase classname="TestClasses.QueueTest" name="checkQueueOperations" time="1.194"/>
  <testcase classname="TestClasses.QueueTest" name="checkQueueOperations" time="0.000">
    <skipped/>
  </testcase> <!-- checkQueueOperations -->
  <testcase classname="TestClasses.QueueTest" name="checkQueueOperations" time="1.673"/>
  <testcase classname="TestClasses.QueueTest" name="testQueueOperationsInvalidPythonCode" time="1.411"/>
  <testcase classname="TestClasses.QueueTest" name="testQueueOperationsInvalidPythonCode" time="1.805"/>
  <testcase classname="TestClasses.QueueTest" name="testQueueOperationsInvalidPythonCode" time="0.000">
    <skipped/>
  </testcase> <!-- testQueueOperationsInvalidPythonCode -->
  <testcase classname="TestClasses.QueueTest" name="testQueueOperationsValidPythonCode" time="1.806"/>
  <testcase classname="TestClasses.QueueTest" name="testQueueOperationsValidPythonCode" time="0.000">
    <skipped/>
  </testcase> <!-- testQueueOperationsValidPythonCode -->
  <testcase classname="TestClasses.QueueTest" name="testQueueOperationsValidPythonCode" time="1.301"/>
</testsuite> <!-- TestClasses.QueueTest -->
